{"C:\\Users\\kiosu\\Documents\\Meus Projetos\\Arquitetura-de-software\\Lista-02\\src\\comportamental\\txtStrategy.js": {"path":"C:\\Users\\kiosu\\Documents\\Meus Projetos\\Arquitetura-de-software\\Lista-02\\src\\comportamental\\txtStrategy.js","statementMap":{"0":{"start":{"line":3,"column":17},"end":{"line":4,"column":32}},"1":{"start":{"line":6,"column":4},"end":{"line":8,"column":5}},"2":{"start":{"line":6,"column":17},"end":{"line":6,"column":18}},"3":{"start":{"line":7,"column":6},"end":{"line":7,"column":48}},"4":{"start":{"line":10,"column":4},"end":{"line":10,"column":18}}},"fnMap":{"0":{"name":"(anonymous_0)","decl":{"start":{"line":2,"column":2},"end":{"line":2,"column":3}},"loc":{"start":{"line":2,"column":17},"end":{"line":11,"column":3}},"line":2}},"branchMap":{},"s":{"0":0,"1":0,"2":0,"3":0,"4":0},"f":{"0":0},"b":{},"_coverageSchema":"1a1c01bbd47fc00a2c39e90264f33305004495a9","hash":"152f2f8b7fb858177205ce0dc8cbeee20975f65f"}
,"C:\\Users\\kiosu\\Documents\\Meus Projetos\\Arquitetura-de-software\\Lista-02\\src\\criacional\\cityFactory.js": {"path":"C:\\Users\\kiosu\\Documents\\Meus Projetos\\Arquitetura-de-software\\Lista-02\\src\\criacional\\cityFactory.js","statementMap":{"0":{"start":{"line":3,"column":4},"end":{"line":3,"column":31}},"1":{"start":{"line":7,"column":4},"end":{"line":7,"column":41}}},"fnMap":{"0":{"name":"(anonymous_0)","decl":{"start":{"line":2,"column":2},"end":{"line":2,"column":3}},"loc":{"start":{"line":2,"column":25},"end":{"line":4,"column":3}},"line":2},"1":{"name":"(anonymous_1)","decl":{"start":{"line":6,"column":2},"end":{"line":6,"column":3}},"loc":{"start":{"line":6,"column":29},"end":{"line":8,"column":3}},"line":6}},"branchMap":{},"s":{"0":0,"1":0},"f":{"0":0,"1":0},"b":{},"_coverageSchema":"1a1c01bbd47fc00a2c39e90264f33305004495a9","hash":"fe0a0d72aa8f8f35c9817c3cdb4fcbf3fd58ef9d"}
,"C:\\Users\\kiosu\\Documents\\Meus Projetos\\Arquitetura-de-software\\Lista-02\\src\\estrutural\\cityAdapter.js": {"path":"C:\\Users\\kiosu\\Documents\\Meus Projetos\\Arquitetura-de-software\\Lista-02\\src\\estrutural\\cityAdapter.js","statementMap":{"0":{"start":{"line":5,"column":4},"end":{"line":5,"column":36}},"1":{"start":{"line":9,"column":4},"end":{"line":9,"column":37}},"2":{"start":{"line":13,"column":24},"end":{"line":13,"column":48}},"3":{"start":{"line":14,"column":4},"end":{"line":14,"column":37}},"4":{"start":{"line":18,"column":4},"end":{"line":18,"column":24}}},"fnMap":{"0":{"name":"(anonymous_0)","decl":{"start":{"line":4,"column":2},"end":{"line":4,"column":3}},"loc":{"start":{"line":4,"column":22},"end":{"line":6,"column":3}},"line":4},"1":{"name":"(anonymous_1)","decl":{"start":{"line":8,"column":2},"end":{"line":8,"column":3}},"loc":{"start":{"line":8,"column":24},"end":{"line":10,"column":3}},"line":8},"2":{"name":"(anonymous_2)","decl":{"start":{"line":12,"column":2},"end":{"line":12,"column":3}},"loc":{"start":{"line":12,"column":24},"end":{"line":15,"column":3}},"line":12},"3":{"name":"(anonymous_3)","decl":{"start":{"line":17,"column":2},"end":{"line":17,"column":3}},"loc":{"start":{"line":17,"column":15},"end":{"line":19,"column":3}},"line":17}},"branchMap":{},"s":{"0":2,"1":2,"2":2,"3":2,"4":2},"f":{"0":2,"1":2,"2":2,"3":2},"b":{},"_coverageSchema":"1a1c01bbd47fc00a2c39e90264f33305004495a9","hash":"3924edd64ecf2b36519319bdfc6f82add69e343c"}
}
